0 info it worked if it ends with ok
1 verbose cli [ 'C:\\Program Files (x86)\\nodejs\\node.exe',
1 verbose cli   'C:\\Program Files (x86)\\nodejs\\node_modules\\npm\\bin\\npm-cli.js',
1 verbose cli   'version',
1 verbose cli   'patch' ]
2 info using npm@2.14.7
3 info using node@v4.2.2
4 info git [ 'status', '--porcelain' ]
5 info preversion react-print@1.2.3
6 verbose version.write data { name: 'react-print',
6 verbose version.write   version: '1.2.3',
6 verbose version.write   description: 'React Components for making print CSS templates cleaner and easier to manage',
6 verbose version.write   main: 'dist/react-print.min.js',
6 verbose version.write   scripts:
6 verbose version.write    { test: 'echo "Error: no test specified" && exit 1',
6 verbose version.write      start: 'webpack-dev-server' },
6 verbose version.write   repository:
6 verbose version.write    { type: 'git',
6 verbose version.write      url: 'git+https://github.com/captray/react-print.git' },
6 verbose version.write   author: 'captray',
6 verbose version.write   license: 'MIT',
6 verbose version.write   bugs: { url: 'https://github.com/captray/react-print/issues' },
6 verbose version.write   homepage: 'https://github.com/captray/react-print#readme',
6 verbose version.write   dependencies: { react: '15.0.1', 'react-dom': '15.0.1' },
6 verbose version.write   devDependencies:
6 verbose version.write    { 'babel-core': '^6.8.0',
6 verbose version.write      'babel-loader': '^6.2.4',
6 verbose version.write      'babel-preset-es2015': '^6.6.0',
6 verbose version.write      'babel-preset-react': '^6.11.1',
6 verbose version.write      webpack: '^1.13.0' },
6 verbose version.write   keywords: [ 'react', 'print', 'react-print', 'print', 'template' ] } to package.json
7 info version react-print@1.2.3
8 info git [ 'add', 'package.json' ]
9 verbose stack Error: Command failed: git -c core.longpaths=true add package.json
9 verbose stack fatal: pathspec 'package.json' did not match any files
9 verbose stack
9 verbose stack     at ChildProcess.exithandler (child_process.js:203:12)
9 verbose stack     at emitTwo (events.js:87:13)
9 verbose stack     at ChildProcess.emit (events.js:172:7)
9 verbose stack     at maybeClose (internal/child_process.js:818:16)
9 verbose stack     at Process.ChildProcess._handle.onexit (internal/child_process.js:211:5)
10 verbose cwd C:\Projects\Work\foss\JavaScript\react\react-print\dist
11 error Windows_NT 10.0.14393
12 error argv "C:\\Program Files (x86)\\nodejs\\node.exe" "C:\\Program Files (x86)\\nodejs\\node_modules\\npm\\bin\\npm-cli.js" "version" "patch"
13 error node v4.2.2
14 error npm  v2.14.7
15 error code 128
16 error Command failed: git -c core.longpaths=true add package.json
16 error fatal: pathspec 'package.json' did not match any files
17 error If you need help, you may report this error at:
17 error     <https://github.com/npm/npm/issues>
18 verbose exit [ 1, true ]
